[    0.000000] Initializing cgroup subsys cpuset
[    0.000000] Initializing cgroup subsys cpu
[    0.000000] Initializing cgroup subsys cpuacct
[    0.000000] Linux version 4.4.0-134-generic (buildd@lgw01-amd64-033) (gcc version 5.4.0 20160609 (Ubuntu 5.4.0-6ubuntu1~16.04.10) ) #160-Ubuntu SMP Wed Aug 15 14:58:00 UTC 2018 (Ubuntu 4.4.0-134.160-generic 4.4.140)
[    0.000000] Command line: BOOT_IMAGE=/boot/vmlinuz-4.4.0-134-generic root=LABEL=cloudimg-rootfs ro console=tty1 console=ttyS0
[    0.000000] KERNEL supported cpus:
[    0.000000]   Intel GenuineIntel
[    0.000000]   AMD AuthenticAMD
[    0.000000]   Centaur CentaurHauls
[    0.000000] x86/fpu: xstate_offset[2]:  576, xstate_sizes[2]:  256
[    0.000000] x86/fpu: Supporting XSAVE feature 0x01: 'x87 floating point registers'
[    0.000000] x86/fpu: Supporting XSAVE feature 0x02: 'SSE registers'
[    0.000000] x86/fpu: Supporting XSAVE feature 0x04: 'AVX registers'
[    0.000000] x86/fpu: Enabled xstate features 0x7, context size is 832 bytes, using 'standard' format.
[    0.000000] e820: BIOS-provided physical RAM map:
[    0.000000] BIOS-e820: [mem 0x0000000000000000-0x000000000009fbff] usable
[    0.000000] BIOS-e820: [mem 0x000000000009fc00-0x000000000009ffff] reserved
[    0.000000] BIOS-e820: [mem 0x00000000000f0000-0x00000000000fffff] reserved
[    0.000000] BIOS-e820: [mem 0x0000000000100000-0x000000003ffeffff] usable
[    0.000000] BIOS-e820: [mem 0x000000003fff0000-0x000000003fffffff] ACPI data
[    0.000000] BIOS-e820: [mem 0x00000000fec00000-0x00000000fec00fff] reserved
[    0.000000] BIOS-e820: [mem 0x00000000fee00000-0x00000000fee00fff] reserved
[    0.000000] BIOS-e820: [mem 0x00000000fffc0000-0x00000000ffffffff] reserved
[    0.000000] NX (Execute Disable) protection: active
[    0.000000] SMBIOS 2.5 present.
[    0.000000] Hypervisor detected: KVM
[    0.000000] e820: last_pfn = 0x3fff0 max_arch_pfn = 0x400000000
[    0.000000] MTRR: Disabled
[    0.000000] x86/PAT: MTRRs disabled, skipping PAT initialization too.
[    0.000000] CPU MTRRs all blank - virtualized system.
[    0.000000] x86/PAT: Configuration [0-7]: WB  WT  UC- UC  WB  WT  UC- UC  
[    0.000000] found SMP MP-table at [mem 0x0009fff0-0x0009ffff] mapped at [ffff88000009fff0]
[    0.000000] Scanning 1 areas for low memory corruption
[    0.000000] RAMDISK: [mem 0x3630c000-0x3717dfff]
[    0.000000] ACPI: Early table checksum verification disabled
[    0.000000] ACPI: RSDP 0x00000000000E0000 000024 (v02 VBOX  )
[    0.000000] ACPI: XSDT 0x000000003FFF0030 00003C (v01 VBOX   VBOXXSDT 00000001 ASL  00000061)
[    0.000000] ACPI: FACP 0x000000003FFF00F0 0000F4 (v04 VBOX   VBOXFACP 00000001 ASL  00000061)
[    0.000000] ACPI: DSDT 0x000000003FFF0470 0021FF (v02 VBOX   VBOXBIOS 00000002 INTL 20100528)
[    0.000000] ACPI: FACS 0x000000003FFF0200 000040
[    0.000000] ACPI: FACS 0x000000003FFF0200 000040
[    0.000000] ACPI: APIC 0x000000003FFF0240 00005C (v02 VBOX   VBOXAPIC 00000001 ASL  00000061)
[    0.000000] ACPI: SSDT 0x000000003FFF02A0 0001CC (v01 VBOX   VBOXCPUT 00000002 INTL 20100528)
[    0.000000] No NUMA configuration found
[    0.000000] Faking a node at [mem 0x0000000000000000-0x000000003ffeffff]
[    0.000000] NODE_DATA(0) allocated [mem 0x3ffeb000-0x3ffeffff]
[    0.000000] kvm-clock: Using msrs 4b564d01 and 4b564d00
[    0.000000] kvm-clock: cpu 0, msr 0:3ffe3001, primary cpu clock
[    0.000000] kvm-clock: using sched offset of 4723544646 cycles
[    0.000000] clocksource: kvm-clock: mask: 0xffffffffffffffff max_cycles: 0x1cd42e4dffb, max_idle_ns: 881590591483 ns
[    0.000000] Zone ranges:
[    0.000000]   DMA      [mem 0x0000000000001000-0x0000000000ffffff]
[    0.000000]   DMA32    [mem 0x0000000001000000-0x000000003ffeffff]
[    0.000000]   Normal   empty
[    0.000000]   Device   empty
[    0.000000] Movable zone start for each node
[    0.000000] Early memory node ranges
[    0.000000]   node   0: [mem 0x0000000000001000-0x000000000009efff]
[    0.000000]   node   0: [mem 0x0000000000100000-0x000000003ffeffff]
[    0.000000] Initmem setup node 0 [mem 0x0000000000001000-0x000000003ffeffff]
[    0.000000] ACPI: PM-Timer IO Port: 0x4008
[    0.000000] IOAPIC[0]: apic_id 2, version 32, address 0xfec00000, GSI 0-23
[    0.000000] ACPI: INT_SRC_OVR (bus 0 bus_irq 0 global_irq 2 dfl dfl)
[    0.000000] ACPI: INT_SRC_OVR (bus 0 bus_irq 9 global_irq 9 high level)
[    0.000000] Using ACPI (MADT) for SMP configuration information
[    0.000000] smpboot: Allowing 2 CPUs, 0 hotplug CPUs
[    0.000000] PM: Registered nosave memory: [mem 0x00000000-0x00000fff]
[    0.000000] PM: Registered nosave memory: [mem 0x0009f000-0x0009ffff]
[    0.000000] PM: Registered nosave memory: [mem 0x000a0000-0x000effff]
[    0.000000] PM: Registered nosave memory: [mem 0x000f0000-0x000fffff]
[    0.000000] e820: [mem 0x40000000-0xfebfffff] available for PCI devices
[    0.000000] Booting paravirtualized kernel on KVM
[    0.000000] clocksource: refined-jiffies: mask: 0xffffffff max_cycles: 0xffffffff, max_idle_ns: 7645519600211568 ns
[    0.000000] setup_percpu: NR_CPUS:512 nr_cpumask_bits:512 nr_cpu_ids:2 nr_node_ids:1
[    0.000000] PERCPU: Embedded 34 pages/cpu @ffff88003fc00000 s99544 r8192 d31528 u1048576
[    0.000000] PV qspinlock hash table entries: 256 (order: 0, 4096 bytes)
[    0.000000] Built 1 zonelists in Node order, mobility grouping on.  Total pages: 257912
[    0.000000] Policy zone: DMA32
[    0.000000] Kernel command line: BOOT_IMAGE=/boot/vmlinuz-4.4.0-134-generic root=LABEL=cloudimg-rootfs ro console=tty1 console=ttyS0
[    0.000000] PID hash table entries: 4096 (order: 3, 32768 bytes)
[    0.000000] Memory: 997724K/1048120K available (8554K kernel code, 1314K rwdata, 4004K rodata, 1516K init, 1316K bss, 50396K reserved, 0K cma-reserved)
[    0.000000] SLUB: HWalign=64, Order=0-3, MinObjects=0, CPUs=2, Nodes=1
[    0.000000] Kernel/User page tables isolation: enabled
[    0.000000] Hierarchical RCU implementation.
[    0.000000] 	Build-time adjustment of leaf fanout to 64.
[    0.000000] 	RCU restricting CPUs from NR_CPUS=512 to nr_cpu_ids=2.
[    0.000000] RCU: Adjusting geometry for rcu_fanout_leaf=64, nr_cpu_ids=2
[    0.000000] NR_IRQS:33024 nr_irqs:440 16
[    0.000000] Console: colour VGA+ 80x25
[    0.000000] console [tty1] enabled
[    0.000000] console [ttyS0] enabled
[    0.000000] tsc: Detected 1899.999 MHz processor
[    5.602363] Calibrating delay loop (skipped) preset value.. 3799.99 BogoMIPS (lpj=7599996)
[    5.675351] pid_max: default: 32768 minimum: 301
[    5.742038] ACPI: Core revision 20150930
[    5.806601] ACPI: 2 ACPI AML tables successfully acquired and loaded
[    5.901323] Security Framework initialized
[    5.913108] Yama: becoming mindful.
[    5.933487] AppArmor: AppArmor initialized
[    5.935656] Dentry cache hash table entries: 131072 (order: 8, 1048576 bytes)
[    5.949695] Inode-cache hash table entries: 65536 (order: 7, 524288 bytes)
[    5.988189] Mount-cache hash table entries: 2048 (order: 2, 16384 bytes)
[    6.048509] Mountpoint-cache hash table entries: 2048 (order: 2, 16384 bytes)
[    6.143002] Initializing cgroup subsys io
[    6.190396] Initializing cgroup subsys memory
[    6.255936] Initializing cgroup subsys devices
[    6.312348] Initializing cgroup subsys freezer
[    6.354714] Initializing cgroup subsys net_cls
[    6.405835] Initializing cgroup subsys perf_event
[    6.414227] Initializing cgroup subsys net_prio
[    6.452289] Initializing cgroup subsys hugetlb
[    6.516813] Initializing cgroup subsys pids
[    6.549754] mce: CPU supports 0 MCE banks
[    6.578092] Last level iTLB entries: 4KB 1024, 2MB 1024, 4MB 1024
[    6.653104] Last level dTLB entries: 4KB 1024, 2MB 1024, 4MB 1024, 1GB 4
[    6.774510] Spectre V2 : Mitigation: Full generic retpoline
[    6.860229] Spectre V2 : Speculation control IBPB not-supported IBRS not-supported
[    6.929399] Speculative Store Bypass: Vulnerable
[    6.954152] Freeing SMP alternatives memory: 32K
[    7.008873] ftrace: allocating 32266 entries in 127 pages
[    7.136061] smpboot: APIC(0) Converting physical 0 to logical package 0
[    7.190648] smpboot: Max logical packages: 1
[    7.219008] x2apic enabled
[    7.224114] Switched APIC routing to physical x2apic.
[    7.236234] ..TIMER: vector=0x30 apic1=0 pin1=2 apic2=-1 pin2=-1
[    7.354028] smpboot: CPU0: Intel(R) Core(TM) i5-4250U CPU @ 1.30GHz (family: 0x6, model: 0x45, stepping: 0x1)
[    7.483597] Performance Events: unsupported p6 CPU model 69 no PMU driver, software events only.
[    7.665605] KVM setup paravirtual spinlock
[    7.674508] x86: Booting SMP configuration:
[    7.711053] .... node  #0, CPUs:      #1
[    7.740046] kvm-clock: cpu 1, msr 0:3ffe3041, secondary cpu clock
[    7.787084] mce: CPU supports 0 MCE banks
[    7.810669] x86: Booted up 1 node, 2 CPUs
[    7.844166] smpboot: Total of 2 processors activated (7599.99 BogoMIPS)
[    7.865782] devtmpfs: initialized
[    7.884111] evm: security.selinux
[    7.916863] evm: security.SMACK64
[    7.945580] evm: security.SMACK64EXEC
[    7.968928] evm: security.SMACK64TRANSMUTE
[    7.971636] evm: security.SMACK64MMAP
[    7.975646] evm: security.ima
[    7.976950] evm: security.capability
[    7.994964] clocksource: jiffies: mask: 0xffffffff max_cycles: 0xffffffff, max_idle_ns: 7645041785100000 ns
[    8.195862] futex hash table entries: 512 (order: 3, 32768 bytes)
[    8.214386] pinctrl core: initialized pinctrl subsystem
[    8.228138] RTC time: 12:20:17, date: 09/03/18
[    8.246143] NET: Registered protocol family 16
[    8.275415] cpuidle: using governor ladder
[    8.337418] cpuidle: using governor menu
[    8.354898] PCCT header not found.
[    8.356922] ACPI: bus type PCI registered
[    8.362579] acpiphp: ACPI Hot Plug PCI Controller Driver version: 0.5
[    8.382040] PCI: Using configuration type 1 for base access
[    8.431142] ACPI: Added _OSI(Module Device)
[    8.513250] ACPI: Added _OSI(Processor Device)
[    8.549521] ACPI: Added _OSI(3.0 _SCP Extensions)
[    8.560103] ACPI: Added _OSI(Processor Aggregator Device)
[    8.572657] ACPI: Executed 1 blocks of module-level executable AML code
[    8.609544] ACPI: Interpreter enabled
[    8.613219] ACPI: (supports S0 S5)
[    8.615397] ACPI: Using IOAPIC for interrupt routing
[    8.627982] PCI: Using host bridge windows from ACPI; if necessary, use "pci=nocrs" and report a bug
[    8.772172] ACPI: PCI Root Bridge [PCI0] (domain 0000 [bus 00-ff])
[    8.816520] acpi PNP0A03:00: _OSC: OS supports [ASPM ClockPM Segments MSI]
[    8.851500] acpi PNP0A03:00: _OSC: not requesting OS control; OS requires [ExtendedConfig ASPM ClockPM MSI]
[    8.915095] acpi PNP0A03:00: fail to add MMCONFIG information, can't access extended PCI configuration space under this bridge.
[    8.933063] PCI host bridge to bus 0000:00
[    8.964040] pci_bus 0000:00: root bus resource [io  0x0000-0x0cf7 window]
[    8.984307] pci_bus 0000:00: root bus resource [io  0x0d00-0xffff window]
[    9.024742] pci_bus 0000:00: root bus resource [mem 0x000a0000-0x000bffff window]
[    9.039036] pci_bus 0000:00: root bus resource [mem 0x40000000-0xffdfffff window]
[    9.086982] pci_bus 0000:00: root bus resource [bus 00-ff]
[    9.123872] pci 0000:00:01.1: legacy IDE quirk: reg 0x10: [io  0x01f0-0x01f7]
[    9.168732] pci 0000:00:01.1: legacy IDE quirk: reg 0x14: [io  0x03f6]
[    9.211231] pci 0000:00:01.1: legacy IDE quirk: reg 0x18: [io  0x0170-0x0177]
[    9.227725] pci 0000:00:01.1: legacy IDE quirk: reg 0x1c: [io  0x0376]
[    9.283142] pci 0000:00:07.0: quirk: [io  0x4000-0x403f] claimed by PIIX4 ACPI
[    9.353735] pci 0000:00:07.0: quirk: [io  0x4100-0x410f] claimed by PIIX4 SMB
[    9.384830] ACPI: PCI Interrupt Link [LNKA] (IRQs 5 9 10 *11)
[    9.432820] ACPI: PCI Interrupt Link [LNKB] (IRQs 5 9 10 *11)
[    9.451204] ACPI: PCI Interrupt Link [LNKC] (IRQs 5 9 *10 11)
[    9.473326] ACPI: PCI Interrupt Link [LNKD] (IRQs 5 *9 10 11)
[    9.484024] ACPI: Enabled 2 GPEs in block 00 to 07
[    9.490320] vgaarb: setting as boot device: PCI:0000:00:02.0
[    9.524487] vgaarb: device added: PCI:0000:00:02.0,decodes=io+mem,owns=io+mem,locks=none
[    9.562850] vgaarb: loaded
[    9.565068] vgaarb: bridge control possible 0000:00:02.0
[    9.570725] SCSI subsystem initialized
[    9.583513] ACPI: bus type USB registered
[    9.591254] usbcore: registered new interface driver usbfs
[    9.594127] usbcore: registered new interface driver hub
[    9.619964] usbcore: registered new device driver usb
[    9.643009] PCI: Using ACPI for IRQ routing
[    9.660856] NetLabel: Initializing
[    9.672242] NetLabel:  domain hash size = 128
[    9.684547] NetLabel:  protocols = UNLABELED CIPSOv4
[    9.701341] NetLabel:  unlabeled traffic allowed by default
[    9.716291] amd_nb: Cannot enumerate AMD northbridges
[    9.732511] clocksource: Switched to clocksource kvm-clock
[    9.759886] AppArmor: AppArmor Filesystem Enabled
[    9.786722] pnp: PnP ACPI init
[    9.825725] pnp: PnP ACPI: found 3 devices
[    9.959767] clocksource: acpi_pm: mask: 0xffffff max_cycles: 0xffffff, max_idle_ns: 2085701024 ns
[    9.986238] NET: Registered protocol family 2
[    9.998648] TCP established hash table entries: 8192 (order: 4, 65536 bytes)
[   10.016162] TCP bind hash table entries: 8192 (order: 5, 131072 bytes)
[   10.192102] TCP: Hash tables configured (established 8192 bind 8192)
[   10.321661] UDP hash table entries: 512 (order: 2, 16384 bytes)
[   10.424288] UDP-Lite hash table entries: 512 (order: 2, 16384 bytes)
[   10.453376] NET: Registered protocol family 1
[   10.472660] pci 0000:00:00.0: Limiting direct PCI/PCI transfers
[   10.475635] pci 0000:00:01.0: Activating ISA DMA hang workarounds
[   10.535212] Unpacking initramfs...
[   11.417501] Freeing initrd memory: 14792K
[   11.475021] RAPL PMU detected, API unit is 2^-32 Joules, 4 fixed counters 10737418240 ms ovfl timer
[   11.492109] hw unit of domain pp0-core 2^-0 Joules
[   11.512622] hw unit of domain package 2^-0 Joules
[   11.526424] hw unit of domain dram 2^-0 Joules
[   11.557189] hw unit of domain pp1-gpu 2^-0 Joules
[   11.576150] platform rtc_cmos: registered platform RTC device (no PNP device found)
[   11.589262] Scanning for low memory corruption every 60 seconds
[   11.603265] audit: initializing netlink subsys (disabled)
[   11.630457] audit: type=2000 audit(1535977218.515:1): initialized
[   11.652194] Initialise system trusted keyring
[   11.695334] HugeTLB registered 2 MB page size, pre-allocated 0 pages
[   11.733262] zbud: loaded
[   11.779571] VFS: Disk quotas dquot_6.6.0
[   11.834547] VFS: Dquot-cache hash table entries: 512 (order 0, 4096 bytes)
[   11.877673] squashfs: version 4.0 (2009/01/31) Phillip Lougher
[   11.942625] fuse init (API version 7.23)
[   11.963654] Key type big_key registered
[   12.022195] Allocating IMA MOK and blacklist keyrings.
[   12.080540] Key type asymmetric registered
[   12.121690] Asymmetric key parser 'x509' registered
[   12.143591] Block layer SCSI generic (bsg) driver version 0.4 loaded (major 249)
[   12.153530] io scheduler noop registered
[   12.159931] io scheduler deadline registered (default)
[   12.186214] io scheduler cfq registered
[   12.201024] pci_hotplug: PCI Hot Plug PCI Core version: 0.5
[   12.225264] pciehp: PCI Express Hot Plug Controller Driver version: 0.4
[   12.263997] ACPI: AC Adapter [AC] (off-line)
[   12.289465] input: Power Button as /devices/LNXSYSTM:00/LNXPWRBN:00/input/input0
[   12.458261] ACPI: Power Button [PWRF]
[   12.534005] input: Sleep Button as /devices/LNXSYSTM:00/LNXSLPBN:00/input/input1
[   12.686917] tsc: Refined TSC clocksource calibration: 1899.754 MHz
[   12.690570] clocksource: tsc: mask: 0xffffffffffffffff max_cycles: 0x36c486a37b9, max_idle_ns: 881590481049 ns
[   12.690634] ACPI: Sleep Button [SLPF]
[   12.693409] ACPI: Battery Slot [BAT0] (battery present)
[   12.693500] GHES: HEST is not enabled!
[   12.693680] Serial: 8250/16550 driver, 32 ports, IRQ sharing enabled
[   12.754981] 00:02: ttyS0 at I/O 0x3f8 (irq = 4, base_baud = 115200) is a 16550A
[   12.772060] Linux agpgart interface v0.103
[   12.781754] loop: module loaded
[   12.782810] scsi host0: ata_piix
[   12.782923] scsi host1: ata_piix
[   12.782983] ata1: PATA max UDMA/33 cmd 0x1f0 ctl 0x3f6 bmdma 0xd000 irq 14
[   12.782985] ata2: PATA max UDMA/33 cmd 0x170 ctl 0x376 bmdma 0xd008 irq 15
[   12.783130] libphy: Fixed MDIO Bus: probed
[   12.783133] tun: Universal TUN/TAP device driver, 1.6
[   12.783134] tun: (C) 1999-2004 Max Krasnyansky <maxk@qualcomm.com>
[   12.784228] PPP generic driver version 2.4.2
[   12.784346] ehci_hcd: USB 2.0 'Enhanced' Host Controller (EHCI) Driver
[   12.784354] ehci-pci: EHCI PCI platform driver
[   12.784382] ehci-platform: EHCI generic platform driver
[   12.784397] ohci_hcd: USB 1.1 'Open' Host Controller (OHCI) Driver
[   12.784402] ohci-pci: OHCI PCI platform driver
[   12.784414] ohci-platform: OHCI generic platform driver
[   12.784426] uhci_hcd: USB Universal Host Controller Interface driver
[   12.784520] i8042: PNP: PS/2 Controller [PNP0303:PS2K,PNP0f03:PS2M] at 0x60,0x64 irq 1,12
[   12.807381] serio: i8042 KBD port at 0x60,0x64 irq 1
[   12.807389] serio: i8042 AUX port at 0x60,0x64 irq 12
[   12.807575] mousedev: PS/2 mouse device common for all mice
[   12.808034] rtc_cmos rtc_cmos: rtc core: registered rtc_cmos as rtc0
[   12.808103] rtc_cmos rtc_cmos: alarms up to one day, 114 bytes nvram
[   12.808113] i2c /dev entries driver
[   12.808193] device-mapper: uevent: version 1.0.3
[   12.808259] device-mapper: ioctl: 4.34.0-ioctl (2015-10-28) initialised: dm-devel@redhat.com
[   12.808285] ledtrig-cpu: registered to indicate activity on CPUs
[   12.808739] NET: Registered protocol family 10
[   12.808924] NET: Registered protocol family 17
[   12.808941] Key type dns_resolver registered
[   12.809236] registered taskstats version 1
[   12.809251] Loading compiled-in X.509 certificates
[   12.810038] Loaded X.509 cert 'Build time autogenerated kernel key: 4eb3d024ac16f76c1747ffd474694c84db21038b'
[   12.810061] zswap: loaded using pool lzo/zbud
[   12.813901] Key type trusted registered
[   12.821374] Key type encrypted registered
[   12.821396] AppArmor: AppArmor sha1 policy hashing enabled
[   12.821400] ima: No TPM chip found, activating TPM-bypass!
[   12.821411] ima: Allocated hash algorithm: sha1
[   12.821433] evm: HMAC attrs: 0x1
[   12.822078]   Magic number: 2:785:328
[   12.926498] rtc_cmos rtc_cmos: setting system clock to 2018-09-03 12:20:22 UTC (1535977222)
[   12.926713] BIOS EDD facility v0.16 2004-Jun-25, 0 devices found
[   12.926714] EDD information not available.
[   13.010835] input: AT Translated Set 2 keyboard as /devices/platform/i8042/serio0/input/input2
[   14.028479] Freeing unused kernel memory: 1516K
[   14.076889] Write protecting the kernel read-only data: 14336k
[   14.119973] Freeing unused kernel memory: 1672K
[   14.158814] Freeing unused kernel memory: 92K
Loading, please wait...
starting version[   14.214740] random: systemd-udevd: uninitialized urandom read (16 bytes read, 4 bits of entropy available)
 229
[   14.217236] random: udevadm: uninitialized urandom read (16 bytes read, 4 bits of entropy available)
[   14.217280] random: udevadm: uninitialized urandom read (16 bytes read, 4 bits of entropy available)
[   14.236041] random: udevadm: uninitialized urandom read (16 bytes read, 4 bits of entropy available)
[   14.236108] random: udevadm: uninitialized urandom read (16 bytes read, 4 bits of entropy available)
[   14.236338] random: udevadm: uninitialized urandom read (16 bytes read, 4 bits of entropy available)
[   14.236506] random: udevadm: uninitialized urandom read (16 bytes read, 4 bits of entropy available)
[   14.236604] random: udevadm: uninitialized urandom read (16 bytes read, 4 bits of entropy available)
[   14.236697] random: udevadm: uninitialized urandom read (16 bytes read, 4 bits of entropy available)
[   14.236783] random: udevadm: uninitialized urandom read (16 bytes read, 4 bits of entropy available)
[   14.585660] Fusion MPT base driver 3.04.20
[   14.658456] Copyright (c) 1999-2008 LSI Corporation
[   14.772197] Fusion MPT SPI Host driver 3.04.20
[   14.814368] e1000: Intel(R) PRO/1000 Network Driver - version 7.3.21-k8-NAPI
[   14.833228] e1000: Copyright (c) 1999-2006 Intel Corporation.
[   14.850829] AVX version of gcm_enc/dec engaged.
[   14.874697] AES CTR mode by8 optimization enabled
[   15.016868] input: ImExPS/2 Generic Explorer Mouse as /devices/platform/i8042/serio1/input/input4
[   15.477142] e1000 0000:00:03.0 eth0: (PCI:33MHz:32-bit) 02:1d:76:b3:3c:fe
[   15.499933] e1000 0000:00:03.0 eth0: Intel(R) PRO/1000 Network Connection
[   15.531391] mptbase: ioc0: Initiating bringup
[   15.543483] e1000 0000:00:03.0 enp0s3: renamed from eth0
[   15.609050] ioc0: LSI53C1030 A0: Capabilities={Initiator}
[   15.806560] scsi host2: ioc0: LSI53C1030 A0, FwRev=00000000h, Ports=1, MaxQ=256, IRQ=20
[   15.929933] scsi 2:0:0:0: Direct-Access     VBOX     HARDDISK         1.0  PQ: 0 ANSI: 5
[   16.070039] scsi target2:0:0: Beginning Domain Validation
[   16.106329] scsi target2:0:0: Domain Validation skipping write tests
[   16.138721] scsi target2:0:0: Ending Domain Validation
[   16.190538] scsi target2:0:0: asynchronous
[   16.203095] scsi 2:0:1:0: Direct-Access     VBOX     HARDDISK         1.0  PQ: 0 ANSI: 5
[   16.268205] scsi target2:0:1: Beginning Domain Validation
[   16.309232] scsi target2:0:1: Domain Validation skipping write tests
[   16.395884] scsi target2:0:1: Ending Domain Validation
[   16.459050] scsi target2:0:1: asynchronous
[   16.529553] sd 2:0:0:0: [sda] 20971520 512-byte logical blocks: (10.7 GB/10.0 GiB)
[   16.529881] sd 2:0:0:0: Attached scsi generic sg0 type 0
[   16.530230] sd 2:0:1:0: Attached scsi generic sg1 type 0
[   16.530469] sd 2:0:1:0: [sdb] 20480 512-byte logical blocks: (10.5 MB/10.0 MiB)
[   16.530732] sd 2:0:1:0: [sdb] Write Protect is off
[   16.531057] sd 2:0:1:0: [sdb] Incomplete mode parameter data
[   16.531059] sd 2:0:1:0: [sdb] Assuming drive cache: write through
[   16.535609] sd 2:0:1:0: [sdb] Attached SCSI disk
[   16.872367] sd 2:0:0:0: [sda] Write Protect is off
[   16.925686] sd 2:0:0:0: [sda] Incomplete mode parameter data
[   16.969912] sd 2:0:0:0: [sda] Assuming drive cache: write through
[   17.052117]  sda: sda1
[   17.071755] sd 2:0:0:0: [sda] Attached SCSI disk
Begin: Loading essential drivers ... [   18.682245] md: linear personality registered for level -1
[   18.701564] md: multipath personality registered for level -4
[   18.784680] md: raid0 personality registered for level 0
[   18.846455] md: raid1 personality registered for level 1
[   18.948547] raid6: sse2x1   gen()  5431 MB/s
[   19.036462] raid6: sse2x1   xor()  4944 MB/s
[   19.140448] raid6: sse2x2   gen()  8247 MB/s
[   19.233167] raid6: sse2x2   xor()  5035 MB/s
[   19.336662] raid6: sse2x4   gen()  6199 MB/s
[   19.456459] raid6: sse2x4   xor()  5895 MB/s
[   19.523728] raid6: using algorithm sse2x2 gen() 8247 MB/s
[   19.580061] raid6: .... xor() 5035 MB/s, rmw enabled
[   19.591005] raid6: using ssse3x2 recovery algorithm
[   19.614144] xor: automatically using best checksumming function:
[   19.720662]    avx       : 19440.000 MB/sec
[   19.772398] async_tx: api initialized (async)
[   19.831595] md: raid6 personality registered for level 6
[   19.867318] md: raid5 personality registered for level 5
[   19.900535] md: raid4 personality registered for level 4
[   19.942196] md: raid10 personality registered for level 10
done.
Begin: Running /scripts/init-premount ... done[   20.016512] Btrfs loaded
.
Begin: Mounting root file system ... Begin: Running /scripts/local-top ... done.
Begin: Running /scripts/local-premount ... [   20.126431] EXT4-fs (sda1): mounted filesystem with ordered data mode. Opts: (null)
Scanning for Btrfs filesystems
done.
Warning: fsck not present, so skipping root file system
done.
Begin: Running /scripts/local-bottom ... done.
Begin: Running /scripts/init-bottom ... done.
[   20.514600] systemd[1]: systemd 229 running in system mode. (+PAM +AUDIT +SELINUX +IMA +APPARMOR +SMACK +SYSVINIT +UTMP +LIBCRYPTSETUP +GCRYPT +GNUTLS +ACL +XZ -LZ4 +SECCOMP +BLKID +ELFUTILS +KMOD -IDN)
[   20.651576] systemd[1]: Detected virtualization oracle.
[   20.686600] systemd[1]: Detected architecture x86-64.

Welcome to [1mUbuntu 16.04.5 LTS[0m!

[   20.766040] systemd[1]: Set hostname to <ubuntu-xenial>.
[   21.215679] systemd[1]: Listening on Syslog Socket.
[[0;32m  OK  [0m] Listening on Syslog Socket.
[   21.261518] systemd[1]: Listening on Journal Socket.
[[0;32m  OK  [0m] Listening on Journal Socket.
[   21.298341] systemd[1]: Started Forward Password Requests to Wall Directory Watch.
[[0;32m  OK  [0m] Started Forward Password Requests to Wall Directory Watch.
[   21.429559] systemd[1]: Listening on udev Kernel Socket.
[[0;32m  OK  [0m] Listening on udev Kernel Socket.
[   21.537205] systemd[1]: Reached target User and Group Name Lookups.
[[0;32m  OK  [0m] Reached target User and Group Name Lookups.
[   21.580613] systemd[1]: Reached target Swap.
[[0;32m  OK  [0m] Reached target Swap.
[   21.602761] systemd[1]: Created slice System Slice.
[[0;32m  OK  [0m] Created slice System Slice.
[   21.696875] systemd[1]: Starting Load Kernel Modules...
         Starting Load Kernel Modules...
[   21.748890] systemd[1]: Created slice system-serial\x2dgetty.slice.
[[0;32m  OK  [0m] Created slice system-serial\x2dgetty.slice.
[   21.803149] Loading iSCSI transport class v2.0-870.
[   21.881981] systemd[1]: Mounting Huge Pages File System...
         Mounting Huge Pa[   21.970901] iscsi: registered transport (tcp)
ges File System...
[   22.028922] systemd[1]: Mounting POSIX Message Queue File System...
         Mountin[   22.057171] iscsi: registered transport (iser)
g POSIX Message Queue File System...
[   22.181307] systemd[1]: Starting Create list of required static device nodes for the current kernel...
[   22.185911] random: nonblocking pool is initialized
         Starting Create list of required st... nodes for the current kernel...
[   22.309473] systemd[1]: Starting Uncomplicated firewall...
         Starting Uncomplicated firewall...
[   22.421484] systemd[1]: Listening on /dev/initctl Compatibility Named Pipe.
[[0;32m  OK  [0m] Listening on /dev/initctl Compatibility Named Pipe.
[   22.474785] systemd[1]: Set up automount Arbitrary Executable File Formats File System Automount Point.
[[0;32m  OK  [0m] Set up automount Arbitrary Executab...ats File System Automount Point.
[   22.549577] systemd[1]: Listening on LVM2 poll daemon socket.
[[0;32m  OK  [0m] Listening on LVM2 poll daemon socket.
[   22.653108] systemd[1]: Mounting Debug File System...
         Mounting Debug File System...
[   22.741537] systemd[1]: Reached target Encrypted Volumes.
[[0;32m  OK  [0m] Reached target Encrypted Volumes.
[   22.826572] systemd[1]: Listening on Device-mapper event daemon FIFOs.
[[0;32m  OK  [0m] Listening on Device-mapper event daemon FIFOs.
[   22.884913] systemd[1]: Listening on LVM2 metadata daemon socket.
[[0;32m  OK  [0m] Listening on LVM2 metadata daemon socket.
[   22.933193] systemd[1]: Starting Monitoring of LVM2 mirrors, snapshots etc. using dmeventd or progress polling...
         Starting Monitoring of LVM2 mirrors... dmeventd or progress polling...
[   23.053021] systemd[1]: Reached target System Time Synchronized.
[[0;32m  OK  [0m] Reached target System Time Synchronized.
[   23.137186] systemd[1]: Listening on Journal Socket (/dev/log).
[[0;32m  OK  [0m] Listening on Journal Socket (/dev/log).
[   23.209480] systemd[1]: Starting Remount Root and Kernel File Systems...
[   23.222249] EXT4-fs (sda1): re-mounted. Opts: (null)
         Starting Remount Root and Kernel File Systems...
[   23.309223] systemd[1]: Listening on Journal Audit Socket.
[[0;32m  OK  [0m] Listening on Journal Audit Socket.
[   23.393582] systemd[1]: Starting Nameserver information manager...
         Starting Nameserver information manager...
[   23.494807] systemd[1]: Created slice User and Session Slice.
[[0;32m  OK  [0m] Created slice User and Session Slice.
[   23.597127] systemd[1]: Reached target Slices.
[[0;32m  OK  [0m] Reached target Slices.
[   23.642193] systemd[1]: Listening on udev Control Socket.
[[0;32m  OK  [0m] Listening on udev Control Socket.
[   23.748935] systemd[1]: Starting Journal Service...
         Starting Journal Service...
[   23.818499] systemd[1]: Starting Set console keymap...
         Starting Set console keymap...
[   23.889112] systemd[1]: Started Trigger resolvconf update for networkd DNS.
[[0;32m  OK  [0m] Started Trigger resolvconf update for networkd DNS.
[   23.963101] systemd[1]: Mounted Debug File System.
[[0;32m  OK  [0m] Mounted Debug File System.
[   24.093200] systemd[1]: Mounted Huge Pages File System.
[[0;32m  OK  [0m] Mounted Huge Pages File System.
[   24.205163] systemd[1]: Mounted POSIX Message Queue File System.
[[0;32m  OK  [0m] Mounted POSIX Message Queue File System.
[   24.390054] systemd[1]: Started Journal Service.
[[0;32m  OK  [0m] Started Journal Service.
[[0;32m  OK  [0m] Started Load Kernel Modules.
[[0;32m  OK  [0m] Started Create list of required sta...ce nodes for the current kernel.
[[0;32m  OK  [0m] Started Uncomplicated firewall.
[[0;32m  OK  [0m] Started Remount Root and Kernel File Systems.
[[0;32m  OK  [0m] Started Set console keymap.
[[0;32m  OK  [0m] Started Nameserver information manager.
[[0;32m  OK  [0m] Started LVM2 metadata daemon.
         Starting udev Coldplug all Devices...
         Starting Load/Save Random Seed...
         Starting Create Static Device Nodes in /dev...
         Mounting FUSE Control File System...
         Starting Apply Kernel Variables...
         Starting Flush Journal to Persistent Storage...
[[0;32m  OK  [0m] Mounted FUSE Control File System.
[[0;32m  OK  [0m] Started Load/Save Random Seed.
[[0;32m  OK  [0m] Started Create Static Device Nodes in /dev.
[[0;32m  OK  [0m] Started Monitoring of LVM2 mirrors,...ng dmeventd or progress polling.
[[0;32m  OK  [0m] Started Apply Kernel Variables.
[[0;32m  OK  [0m] Started udev Coldplug all Devices.
         Starting udev Kernel Device Manager...
[[0;32m  OK  [0m] Started Flush Journal to Persistent Storage.
[[0;32m  OK  [0m] Started udev Kernel Device Manager.
[[0;32m  OK  [0m] Started Dispatch Password Requests to Console Directory Watch.
[[0;32m  OK  [0m] Reached target Local File Systems (Pre).
[[0;32m  OK  [0m] Reached target Local File Systems.
         Starting Initial cloud-init job (pre-networking)...
         Starting Set console font and keymap...
         Starting LSB: AppArmor initialization...
         Starting Tell Plymouth To Write Out Runtime Data...
         Starting Create Volatile Files and Directories...
[[0;32m  OK  [0m] Started Tell Plymouth To Write Out Runtime Data.
[[0;32m  OK  [0m] Started Create Volatile Files and Directories.
[[0;32m  OK  [0m] Found device /dev/ttyS0.
[[0;32m  OK  [0m] Listening on Load/Save RF Kill Switch Status /dev/rfkill Watch.
         Starting Update UTMP about System Boot/Shutdown...
[[0;32m  OK  [0m] Started LSB: AppArmor initialization.
[[0;32m  OK  [0m] Started Update UTMP about System Boot/Shutdown.
[[0;32m  OK  [0m] Found device 82540EM Gigabit Ethern...r (PRO/1000 MT Desktop Adapter).
[   18.926534] cloud-init[476]: Cloud-init v. 18.3-9-g2e62cb8a-0ubuntu1~16.04.2 running 'init-local' at Mon, 03 Sep 2018 12:20:37 +0000. Up 18.49 seconds.
[[0;32m  OK  [0m] Started Initial cloud-init job (pre-networking).
[[0;32m  OK  [0m] Reached target Network (Pre).
         Starting Raise network interfaces...
[[0;32m  OK  [0m] Started ifup for enp0s3.
[[0;32m  OK  [0m] Started Set console font and keymap.
[[0;32m  OK  [0m] Created slice system-getty.slice.
[[0;32m  OK  [0m] Started Raise network interfaces.
[[0;32m  OK  [0m] Reached target Network.
         Starting Initial cloud-init job (metadata service crawler)...
[   20.924802] cloud-init[957]: Cloud-init v. 18.3-9-g2e62cb8a-0ubuntu1~16.04.2 running 'init' at Mon, 03 Sep 2018 12:20:38 +0000. Up 20.32 seconds.
[   20.972466] cloud-init[957]: ci-info: ++++++++++++++++++++++++++++++++++++++Net device info++++++++++++++++++++++++++++++++++++++
[   21.033519] cloud-init[957]: ci-info: +--------+------+----------------------------+---------------+--------+-------------------+
[   21.109067] cloud-init[957]: ci-info: | Device |  Up  |          Address           |      Mask     | Scope  |     Hw-Address    |
[   21.249920] [cloud-init[0;32m  OK  [0m[957]: ] ci-info: +--------+------+----------------------------+---------------+--------+-------------------+Started Initial cloud-init job (metadata service crawler).

[   21.251811] cloud-init[957]: ci-info: | enp0s3 | True |         10.0.2.15          | 255.255.255.0 | global | 02:1d:76:b3:3c:fe |
[   21.488935] [cloud-init[0;32m  OK  [0m[957]: ] ci-info: | enp0s3 | True | fe80::1d:76ff:feb3:3cfe/64 |       .       |  link  | 02:1d:76:b3:3c:fe |Reached target Cloud-config availability.

[   21.490997] [cloud-init[0;32m  OK  [0m[957]: ] ci-info: |   lo   | True |         127.0.0.1          |   255.0.0.0   |  host  |         .         |Reached target Network is Online.

[   21.777020]          cloud-initStarting iSCSI initiator daemon (iscsid)...[957]: 
ci-info: |   lo   | True |          ::1/128           |       .       |  host  |         .         |
[   21.893082] [cloud-init[0;32m  OK  [0m[957]: ] ci-info: +--------+------+----------------------------+---------------+--------+-------------------+Reached target System Initialization.

[   21.894478] cloud-init[957]: ci-info: +++++++++++++++++++++++++++Route IPv4 info++++++++++++++++++++++++++++
[   22.124697] [cloud-init[0;32m  OK  [0m[957]: ] Started ACPI Events Check.
ci-info: +-------+-------------+----------+---------------+-----------+-------+
[[0;32m  OK  [0m] Reached target Paths.
[[0;32m  OK  [0m] Listening on D-Bus System Message Bus Socket.
[   22.292794] cloud-init[957]: ci-info: | Route | Destination | Gateway  |    Genmask    | Interface | Flags |
[   22.436810] [cloud-init[0;32m  OK  [0m[957]: ] ci-info: +-------+-------------+----------+---------------+-----------+-------+Started Daily Cleanup of Temporary Directories.

[   22.438264]          cloud-initStarting Socket activation for snappy daemon.[957]: 
ci-info: |   0   |   0.0.0.0   | 10.0.2.2 |    0.0.0.0    |   enp0s3  |   UG  |
[   22.605105] [cloud-init[0;32m  OK  [0m[957]: ] ci-info: |   1   |   10.0.2.0  | 0.0.0.0  | 255.255.255.0 |   enp0s3  |   U   |Started Daily apt download activities.

[[0;32m  OK  [0m] Started Daily apt upgrade and clean activities.
[[0;32m  OK  [0m] Reached target Timers.
[   22.607340] cloud-init[957]: ci-info: +-------+-------------+----------+---------------+-----------+-------+
[   22.882116] [cloud-init[0;32m  OK  [0m[957]: ] ci-info: +++++++++++++++++++Route IPv6 info+++++++++++++++++++Listening on UUID daemon activation socket.

[   22.989033]          cloud-initStarting LXD - unix socket.[957]: 
ci-info: +-------+-------------+---------+-----------+-------+
[[0;32m  OK  [0m] Listening on ACPID Listen Socket.
[   23.035301] cloud-init[957]: ci-info: | Route | Destination | Gateway | Interface | Flags |
[[0;32m  OK  [0m] Listening on Socket activation for snappy daemon.
[   23.110394] cloud-init[957]: ci-info: +-------+-------------+---------+-----------+-------+
[   23.236859] [cloud-init[0;32m  OK  [0m[957]: ] ci-info: |   0   |  fe80::/64  |    ::   |   enp0s3  |   U   |Listening on LXD - unix socket.

[   23.238044] [[0;32m  OK  [0m] Started iSCSI initiator daemon (iscsid).
cloud-init[957]: ci-info: |   3   |   ff00::/8  |    ::   |   enp0s3  |   U   |
[   23.505098] cloud-init[957]: ci-info: +-------+-------------+---------+-----------+-------+
         Starting Login to default iSCSI targets...
[[0;32m  OK  [0m] Reached target Sockets.
[[0;32m  OK  [0m] Reached target Basic System.
[[0;32m  OK  [0m] Started ACPI event daemon.
[[0;32m  OK  [0m] Started Deferred execution scheduler.
[[0;32m  OK  [0m] Started Unattended Upgrades Shutdown.
[[0;32m  OK  [0m] Started D-Bus System Message Bus.
[[0;32m  OK  [0m] Started Regular background program processing daemon.
         Starting LSB: Record successful boot for GRUB...
         Starting OpenBSD Secure Shell server...
         Starting LSB: MD monitoring daemon...
         Starting LXD - container startup/shutdown...
[[0;32m  OK  [0m] Started FUSE filesystem for LXC.
         Starting /etc/rc.local Compatibility...
         Starting Accounts Service...
         Starting Login Service...
         Starting System Logging Service...
         Starting Virtualbox guest utils...
         Starting Snappy daemon...
[[0;32m  OK  [0m] Started OpenBSD Secure Shell server.
[[0;32m  OK  [0m] Started System Logging Service.
[[0;32m  OK  [0m] Started LXD - container startup/shutdown.
[[0;32m  OK  [0m] Started /etc/rc.local Compatibility.
[[0;32m  OK  [0m] Started Login to default iSCSI targets.
[[0;32m  OK  [0m] Started LSB: Record successful boot for GRUB.
[[0;32m  OK  [0m] Started LSB: MD monitoring daemon.
[[0;32m  OK  [0m] Started Snappy daemon.
[[0;32m  OK  [0m] Started Login Service.
         Starting Authenticate and Authorize Users to Run Privileged Tasks...
         Starting Wait until snapd is fully seeded...
[[0;32m  OK  [0m] Reached target Remote File Systems (Pre).
[[0;32m  OK  [0m] Reached target Remote File Systems.
         Starting LSB: daemon to balance interrupts for SMP systems...
         Starting LSB: automatic crash report generation...
         Starting LSB: Set the CPU Frequency Scaling governor to "ondemand"...
         Starting Permit User Sessions...
[[0;32m  OK  [0m] Started Virtualbox guest utils.
[[0;32m  OK  [0m] Started Wait until snapd is fully seeded.
[[0;32m  OK  [0m] Started Permit User Sessions.
[[0;32m  OK  [0m] Started Authenticate and Authorize Users to Run Privileged Tasks.
[[0;32m  OK  [0m] Started Accounts Service.
         Starting Hold until boot process finishes up...
         Starting Terminate Plymouth Boot Screen...
         Starting Apply the settings specified in cloud-config...
[[0;32m  OK  [0m] Started LSB: daemon to balance interrupts for SMP systems.
[[0;32m  OK  [0m] Started LSB: automatic crash report generation.
[[0;32m  OK  [0m] Started LSB: Set the CPU Frequency Scaling governor to "ondemand".
[[0;32m  OK  [0m] Started Hold until boot process finishes up.
[[0;32m  OK  [0m] Started Terminate Plymouth Boot Screen.
[[0;32m  OK  [0m] Created slice User Slice of vagrant.
[[0;32m  OK  [0m] Started Session 1 of user vagrant.
         Starting User Manager for UID 1000...
[[0;32m  OK  [0m] Started Getty on tty1.
[[0;32m  OK  [0m] Started Serial Getty on ttyS0.
[[0;32m  OK  [0m] Reached target Login Prompts.
         Starting Set console scheme...
[[0;32m  OK  [0m] Reached target Multi-User System.
[[0;32m  OK  [0m] Reached target Graphical Interface.
         Starting Update UTMP about System Runlevel Changes...
[[0;32m  OK  [0m] Started User Manager for UID 1000.
[[0;32m  OK  [0m] Started Set console scheme.
[[0;32m  OK  [0m] Started Update UTMP about System Runlevel Changes.
[   27.044113] cloud-init[1189]: Cloud-init v. 18.3-9-g2e62cb8a-0ubuntu1~16.04.2 running 'modules:config' at Mon, 03 Sep 2018 12:20:45 +0000. Up 26.81 seconds.
[[0;32m  OK  [0m] Started Apply the settings specified in cloud-config.
         Starting Execute cloud user/final scripts...
[   28.543660] cloud-init[1253]: Cloud-init v. 18.3-9-g2e62cb8a-0ubuntu1~16.04.2 running 'modules:final' at Mon, 03 Sep 2018 12:20:46 +0000. Up 28.15 seconds.
[   28.598337] cloud-init[1253]: Cloud-init v. 18.3-9-g2e62cb8a-0ubuntu1~16.04.2 finished at Mon, 03 Sep 2018 12:20:47 +0000. Datasource DataSourceNoCloud [seed=/dev/sdb][dsmode=net].  Up 28.53 seconds
[[0;32m  OK  [0m] Started Execute cloud user/final scripts.
[[0;32m  OK  [0m] Reached target Cloud-init target.

Ubuntu 16.04.5 LTS ubuntu-xenial ttyS0

ubuntu-xenial login:          Stopping ACPI event daemon...
         Stopping Authenticate and Authorize Users to Run Privileged Tasks...
         Stopping Session 5 of user vagrant.
[[0;32m  OK  [0m [[0;32m  OK  [0m] Unmounted /var/lib/lxcfs.
[[0;32m  OK  [0m] Stopped ACPI event daemon.
[[0;32m  OK  [0m] Stopped Deferred execution scheduler.
[[0;32m  OK  [0m] Stopped Regular background program processing daemon.
[[0;32m  OK  [0m] Stopped OpenBSD Secure Shell server.
[[0;32m  OK  [0m] Stopped Accounts Service.
[[0;32m  OK  [0m] Stopped System Logging Service.
[[0;32m  OK  [0m] Stopped Snappy daemon.
[[0;32m  OK  [0m] Stopped Authenticate and Authorize Users to Run Privileged Tasks.
[[0;32m  OK  [0m] Stopped Getty on tty1.
[[0;32m  OK  [0m] Stopped Serial Getty on ttyS0.
[[0;32m  OK  [0m] Stopped User Manager for UID 1000.
[[0;32m  OK  [0m] Stopped Session 5 of user vagrant.
[[0;32m  OK  [0m] Stopped Unattended Upgrades Shutdown.
[[0;32m  OK  [0m] Stopped D-Bus System Message Bus.
[[0;32m  OK  [0m] Stopped FUSE filesystem for LXC.
[[0;32m  OK  [0m] Stopped LSB: Record successful boot for GRUB.
[[0;32m  OK  [0m] Stopped LSB: daemon to balance interrupts for SMP systems.
[[0;32m  OK  [0m] Stopped LSB: MD monitoring daemon.
[[0;32m  OK  [0m] Stopped LSB: automatic crash report generation.
[[0;32m  OK  [0m] Stopped Virtualbox guest utils.
[[0;32m  OK  [0m] Stopped LSB: Set the CPU Frequency Scaling governor to "ondemand".
[[0;32m  OK  [0m] Stopped LXD - container startup/shutdown.
[[0;32m  OK  [0m] Removed slice User Slice of vagrant.
         Stopping Login Service...
[[0;32m  OK  [0m] Removed slice system-serial\x2dgetty.slice.
[[0;32m  OK  [0m] Stopped /etc/rc.local Compatibility.
         Stopping Permit User Sessions...
[[0;32m  OK  [0m] Removed slice system-getty.slice.
[[0;32m  OK  [0m] Stopped Login Service.
[[0;32m  OK  [0m] Stopped Permit User Sessions.
[[0;32m  OK  [0m] Stopped target Remote File Systems.
[[0;32m  OK  [0m] Stopped target Remote File Systems (Pre).
         Stopping Login to default iSCSI targets...
[[0;32m  OK  [0m] Stopped target User and Group Name Lookups.
[[0;32m  OK  [0m] Stopped target Basic System.
[[0;32m  OK  [0m] Stopped target Slices.
[[0;32m  OK  [0m] Removed slice User and Session Slice.
[[0;32m  OK  [0m] Stopped target Paths.
[[0;32m  OK  [0m] Stopped Forward Password Requests to Wall Directory Watch.
[[0;32m  OK  [0m] Stopped Dispatch Password Requests to Console Directory Watch.
[[0;32m  OK  [0m] Stopped ACPI Events Check.
[[0;32m  OK  [0m] Stopped target Sockets.
[[0;32m  OK  [0m] Closed Socket activation for snappy daemon.
[[0;32m  OK  [0m] Closed UUID daemon activation socket.
[[0;32m  OK  [0m] Closed ACPID Listen Socket.
[[0;32m  OK  [0m] Closed Syslog Socket.
[[0;32m  OK  [0m] Closed LXD - unix socket.
[[0;32m  OK  [0m] Closed D-Bus System Message Bus Socket.
[[0;32m  OK  [0m] Stopped target System Initialization.
[[0;32m  OK  [0m] Stopped target Swap.
         Stopping Update UTMP about System Boot/Shutdown...
         Stopping Load/Save Random Seed...
[[0;32m  OK  [0m] Stopped target Encrypted Volumes.
[[0;32m  OK  [0m] Stopped Load/Save Random Seed.
[[0;32m  OK  [0m] Stopped Login to default iSCSI targets.
[[0;32m  OK  [0m] Stopped Update UTMP about System Boot/Shutdown.
[[0;32m  OK  [0m] Stopped Create Volatile Files and Directories.
         Stopping iSCSI initiator daemon (iscsid)...
[[0;32m  OK  [0m] Stopped iSCSI initiator daemon (iscsid).
[[0;32m  OK  [0m] Stopped target Network is Online.
[[0;32m  OK  [0m] Stopped Initial cloud-init job (metadata service crawler).
[[0;32m  OK  [0m] Stopped target Network.
         Stopping Raise network interfaces...
[[0;32m  OK  [0m] Stopped Raise network interfaces.
[[0;32m  OK  [0m] Stopped target Local File Systems.
         Unmounting /run/user/1000...
         Unmounting /home/vagrant/workspace...
         Unmounting /vagrant...
[[0;32m  OK  [0m] Stopped target Network (Pre).
[[0;32m  OK  [0m] Stopped Initial cloud-init job (pre-networking).
[[0;32m  OK  [0m] Stopped Apply Kernel Variables.
[[0;32m  OK  [0m] Stopped Load Kernel Modules.
[[0;32m  OK  [0m] Unmounted /run/user/1000.
[[0;32m  OK  [0m] Unmounted /home/vagrant/workspace.
[[0;32m  OK  [0m] Unmounted /vagrant.
[[0;32m  OK  [0m] Reached target Unmount All Filesystems.
[[0;32m  OK  [0m] Stopped target Local File Systems (Pre).
[[0;32m  OK  [0m] Stopped Remount Root and Kernel File Systems.
         Stopping Monitoring of LVM2 mirrors... dmeventd or progress polling...
[[0;32m  OK  [0m] Stopped Create Static Device Nodes in /dev.
[[0;32m  OK  [0m] Reached target Shutdown.
[ 1907.739266] reboot: Power down
